<?xml version="1.0" encoding="UTF-8"?>
<!-- Generated by org.testng.reporters.JUnitReportReporter -->
<testsuite skipped="0" hostname="User-PC" name="mevandemo.MavenDemo" tests="1" failures="0" timestamp="26 Feb 2019 08:29:14 GMT" time="9.516" errors="0">
  <testcase name="testA" time="9.516" classname="mevandemo.MavenDemo"/>
</testsuite> <!-- mevandemo.MavenDemo -->
